<?xml version="1.0" encoding="UTF-8"?>
<!-- Generated by org.testng.reporters.JUnitReportReporter -->
<testsuite hostname="VG" failures="0" tests="3" name="extentReport.GenerateExtentReporte" time="18.434" errors="0" timestamp="2024-01-22T20:20:28 IST" skipped="0">
  <testcase classname="extentReport.GenerateExtentReporte" name="Titletest" time="5.325"/>
  <system-out/>
  <testcase classname="extentReport.GenerateExtentReporte" name="extentReportsDemo" time="6.466"/>
  <system-out/>
  <testcase classname="extentReport.GenerateExtentReporte" name="LogoTest" time="6.643"/>
  <system-out/>
</testsuite> <!-- extentReport.GenerateExtentReporte -->
