<?xml version="1.0" encoding="UTF-8"?>
<!-- Generated by org.testng.reporters.JUnitReportReporter -->
<testsuite hostname="VG" failures="0" tests="2" name="extentReport.GenerateExtentReporter" time="15.511" errors="0" timestamp="2024-01-22T16:59:27 IST" skipped="0">
  <testcase classname="extentReport.GenerateExtentReporter" name="Titletest" time="7.067"/>
  <system-out/>
  <testcase classname="extentReport.GenerateExtentReporter" name="extentReportsDemo" time="8.444"/>
  <system-out/>
</testsuite> <!-- extentReport.GenerateExtentReporter -->
