<?xml version="1.0" encoding="UTF-8"?>
<!-- Generated by org.testng.reporters.JUnitReportReporter -->
<testsuite hostname="VG" failures="0" tests="3" name="extentReport.GenerateExtentReport" time="16.887" errors="0" timestamp="2024-01-27T14:29:14 IST" skipped="0">
  <testcase classname="extentReport.GenerateExtentReport" name="Titletest" time="7.180"/>
  <system-out/>
  <testcase classname="extentReport.GenerateExtentReport" name="extentReportsDemo" time="4.949"/>
  <system-out/>
  <testcase classname="extentReport.GenerateExtentReport" name="LogoTest" time="4.758"/>
  <system-out/>
</testsuite> <!-- extentReport.GenerateExtentReport -->
