<?xml version="1.0" encoding="UTF-8"?>
<!-- Generated by org.testng.reporters.JUnitReportReporter -->
<testsuite hostname="VG" failures="0" tests="2" name="Selenium_Advance.Group_Combine" time="0.008" errors="0" timestamp="2024-01-21T22:01:26 IST" skipped="0">
  <testcase classname="Selenium_Advance.Group_Combine" name="bike" time="0.007"/>
  <system-out/>
  <testcase classname="Selenium_Advance.Group_Combine" name="bike2" time="0.001"/>
  <system-out/>
</testsuite> <!-- Selenium_Advance.Group_Combine -->
