<?xml version="1.0" encoding="UTF-8"?>
<!-- Generated by org.testng.reporters.JUnitReportReporter -->
<testsuite hostname="VG" failures="0" tests="3" name="Selenium_Advance.DependsOnMethod" time="0.002" errors="0" timestamp="2024-01-21T21:52:03 IST" skipped="0">
  <testcase classname="Selenium_Advance.DependsOnMethod" name="logout" time="0.000"/>
  <system-out/>
  <testcase classname="Selenium_Advance.DependsOnMethod" name="dashboard" time="0.001"/>
  <system-out/>
  <testcase classname="Selenium_Advance.DependsOnMethod" name="login" time="0.001"/>
  <system-out/>
</testsuite> <!-- Selenium_Advance.DependsOnMethod -->
