<?xml version="1.0" encoding="UTF-8"?>
<!-- Generated by org.testng.reporters.JUnitReportReporter -->
<testsuite hostname="VG" failures="0" tests="1" name="Selenium_Advance.Soft_Assert" time="0.116" errors="0" timestamp="2024-01-21T21:52:03 IST" skipped="0">
  <testcase classname="Selenium_Advance.Soft_Assert" name="test" time="0.116"/>
  <system-out/>
</testsuite> <!-- Selenium_Advance.Soft_Assert -->
