<?xml version="1.0" encoding="UTF-8"?>
<!-- Generated by org.testng.reporters.JUnitReportReporter -->
<testsuite hostname="VG" failures="0" tests="3" name="extentReport.GenerateExtentReport" time="31.890" errors="0" timestamp="2024-01-22T21:19:23 IST" skipped="0">
  <testcase classname="extentReport.GenerateExtentReport" name="LogoTest" time="8.902"/>
  <system-out/>
  <testcase classname="extentReport.GenerateExtentReport" name="Titletest" time="7.719"/>
  <system-out/>
  <testcase classname="extentReport.GenerateExtentReport" name="extentReportsDemo" time="15.269"/>
  <system-out/>
</testsuite> <!-- extentReport.GenerateExtentReport -->
