<?xml version="1.0" encoding="UTF-8"?>
<!-- Generated by org.testng.reporters.JUnitReportReporter -->
<testsuite hostname="VG" failures="0" tests="4" name="Selenium_Advance.Priority" time="0.006" errors="0" timestamp="2024-01-21T22:57:33 IST" skipped="1">
  <testcase classname="Selenium_Advance.Priority" name="test03" time="0.006"/>
  <system-out/>
  <testcase classname="Selenium_Advance.Priority" name="test02" time="0.000"/>
  <system-out/>
  <testcase classname="Selenium_Advance.Priority" name="test01" time="0.000"/>
  <system-out/>
  <testcase classname="Selenium_Advance.Priority" name="test06">
    <skipped/>
  </testcase> <!-- test06 -->
  <system-out/>
</testsuite> <!-- Selenium_Advance.Priority -->
